2021-07-10 17:09:16 INFO  NetworkConfig:372 - loading properties from file /Users/noemivalentini/eclipse-issLab2021/it.unibo.pmsClientPhase/Californium.properties
2021-07-10 17:09:16 INFO  RandomTokenGenerator:55 - using tokens of 8 bytes in length
2021-07-10 17:09:16 INFO  CoapEndpoint:423 - CoapEndpoint uses udp plain
2021-07-10 17:09:16 INFO  BlockwiseLayer:207 - BlockwiseLayer uses MAX_MESSAGE_SIZE=1024, PREFERRED_BLOCK_SIZE=512, BLOCKWISE_STATUS_LIFETIME=300000 and MAX_RESOURCE_BODY_SIZE=8192
2021-07-10 17:09:16 INFO  ReliabilityLayer:83 - ReliabilityLayer uses ACK_TIMEOUT=2000, ACK_RANDOM_FACTOR=1.5, and ACK_TIMEOUT_SCALE=2.0
2021-07-10 17:09:16 INFO  CoapServer:207 - Starting server
2021-07-10 17:09:16 INFO  CoapEndpoint:515 - Stopping endpoint at coap://0.0.0.0:8050
2021-07-10 17:09:16 ERROR CoapServer:226 - cannot start server endpoint [0.0.0.0/0.0.0.0:8050]
java.net.BindException: Address already in use (Bind failed)
	at java.base/java.net.PlainDatagramSocketImpl.bind0(Native Method)
	at java.base/java.net.AbstractPlainDatagramSocketImpl.bind(AbstractPlainDatagramSocketImpl.java:116)
	at java.base/java.net.DatagramSocket.bind(DatagramSocket.java:438)
	at java.base/java.net.DatagramSocket.<init>(DatagramSocket.java:289)
	at java.base/java.net.DatagramSocket.<init>(DatagramSocket.java:346)
	at org.eclipse.californium.elements.UDPConnector.start(UDPConnector.java:144)
	at org.eclipse.californium.core.network.CoapEndpoint.start(CoapEndpoint.java:480)
	at org.eclipse.californium.core.CoapServer.start(CoapServer.java:222)
	at it.unibo.kactor.QakContext.<init>(QakContext.kt:64)
	at it.unibo.kactor.QakContext.<init>(QakContext.kt:12)
	at it.unibo.kactor.sysUtil.createTheContext(sysUtil.kt:136)
	at it.unibo.kactor.sysUtil.createContexts(sysUtil.kt:99)
	at it.unibo.kactor.QakContext$Companion.createContexts(QakContext.kt:32)
	at it.unibo.ctxcp.MainCtxcpKt$main$1.invokeSuspend(MainCtxcp.kt:8)
	at kotlin.coroutines.jvm.internal.BaseContinuationImpl.resumeWith(ContinuationImpl.kt:33)
	at kotlinx.coroutines.DispatchedTask.run(Dispatched.kt:233)
	at kotlinx.coroutines.EventLoopImplBase.processNextEvent(EventLoop.kt:116)
	at kotlinx.coroutines.BlockingCoroutine.joinBlocking(Builders.kt:76)
	at kotlinx.coroutines.BuildersKt__BuildersKt.runBlocking(Builders.kt:53)
	at kotlinx.coroutines.BuildersKt.runBlocking(Unknown Source)
	at kotlinx.coroutines.BuildersKt__BuildersKt.runBlocking$default(Builders.kt:35)
	at kotlinx.coroutines.BuildersKt.runBlocking$default(Unknown Source)
	at it.unibo.ctxcp.MainCtxcpKt.main(MainCtxcp.kt:7)
	at it.unibo.ctxcp.MainCtxcpKt.main(MainCtxcp.kt)
