2021-11-22 23:32:14 INFO  NetworkConfig:422 - writing properties to file /home/pi/Desktop/it.unibo.sonarRaspberry-1.0/it.unibo.sonarRaspberry-1.0/bin/Californium.properties
2021-11-22 23:32:14 INFO  RandomTokenGenerator:55 - using tokens of 8 bytes in length
2021-11-22 23:32:14 INFO  CoapEndpoint:423 - CoapEndpoint uses udp plain
2021-11-22 23:32:14 INFO  BlockwiseLayer:207 - BlockwiseLayer uses MAX_MESSAGE_SIZE=1024, PREFERRED_BLOCK_SIZE=512, BLOCKWISE_STATUS_LIFETIME=300000 and MAX_RESOURCE_BODY_SIZE=8192
2021-11-22 23:32:14 INFO  ReliabilityLayer:83 - ReliabilityLayer uses ACK_TIMEOUT=2000, ACK_RANDOM_FACTOR=1.5, and ACK_TIMEOUT_SCALE=2.0
2021-11-22 23:32:14 INFO  CoapServer:207 - Starting server
2021-11-22 23:32:14 INFO  CoapEndpoint:515 - Stopping endpoint at coap://0.0.0.0:8068
2021-11-22 23:32:14 ERROR CoapServer:226 - cannot start server endpoint [0.0.0.0/0.0.0.0:8068]
java.net.BindException: Indirizzo già in uso (Bind failed)
	at java.base/java.net.PlainDatagramSocketImpl.bind0(Native Method)
	at java.base/java.net.AbstractPlainDatagramSocketImpl.bind(AbstractPlainDatagramSocketImpl.java:131)
	at java.base/java.net.DatagramSocket.bind(DatagramSocket.java:394)
	at java.base/java.net.DatagramSocket.<init>(DatagramSocket.java:244)
	at java.base/java.net.DatagramSocket.<init>(DatagramSocket.java:301)
	at org.eclipse.californium.elements.UDPConnector.start(UDPConnector.java:144)
	at org.eclipse.californium.core.network.CoapEndpoint.start(CoapEndpoint.java:480)
	at org.eclipse.californium.core.CoapServer.start(CoapServer.java:222)
	at it.unibo.kactor.QakContext.<init>(QakContext.kt:64)
	at it.unibo.kactor.QakContext.<init>(QakContext.kt:12)
	at it.unibo.kactor.sysUtil.createTheContext(sysUtil.kt:141)
	at it.unibo.kactor.sysUtil.createContexts(sysUtil.kt:104)
	at it.unibo.kactor.QakContext$Companion.createContexts(QakContext.kt:32)
	at it.unibo.ctxsonaronrasp.MainCtxsonaronraspKt$main$1.invokeSuspend(MainCtxsonaronrasp.kt:8)
	at kotlin.coroutines.jvm.internal.BaseContinuationImpl.resumeWith(ContinuationImpl.kt:33)
	at kotlinx.coroutines.DispatchedTask.run(Dispatched.kt:233)
	at kotlinx.coroutines.EventLoopImplBase.processNextEvent(EventLoop.kt:116)
	at kotlinx.coroutines.BlockingCoroutine.joinBlocking(Builders.kt:76)
	at kotlinx.coroutines.BuildersKt__BuildersKt.runBlocking(Builders.kt:53)
	at kotlinx.coroutines.BuildersKt.runBlocking(Unknown Source)
	at kotlinx.coroutines.BuildersKt__BuildersKt.runBlocking$default(Builders.kt:35)
	at kotlinx.coroutines.BuildersKt.runBlocking$default(Unknown Source)
	at it.unibo.ctxsonaronrasp.MainCtxsonaronraspKt.main(MainCtxsonaronrasp.kt:7)
	at it.unibo.ctxsonaronrasp.MainCtxsonaronraspKt.main(MainCtxsonaronrasp.kt)
2021-11-22 23:33:27 INFO  NetworkConfig:372 - loading properties from file /home/pi/Desktop/it.unibo.sonarRaspberry-1.0/it.unibo.sonarRaspberry-1.0/bin/Californium.properties
2021-11-22 23:33:27 INFO  RandomTokenGenerator:55 - using tokens of 8 bytes in length
2021-11-22 23:33:27 INFO  CoapEndpoint:423 - CoapEndpoint uses udp plain
2021-11-22 23:33:27 INFO  BlockwiseLayer:207 - BlockwiseLayer uses MAX_MESSAGE_SIZE=1024, PREFERRED_BLOCK_SIZE=512, BLOCKWISE_STATUS_LIFETIME=300000 and MAX_RESOURCE_BODY_SIZE=8192
2021-11-22 23:33:27 INFO  ReliabilityLayer:83 - ReliabilityLayer uses ACK_TIMEOUT=2000, ACK_RANDOM_FACTOR=1.5, and ACK_TIMEOUT_SCALE=2.0
2021-11-22 23:33:27 INFO  CoapServer:207 - Starting server
2021-11-22 23:33:27 INFO  CoapEndpoint:515 - Stopping endpoint at coap://0.0.0.0:8068
2021-11-22 23:33:27 ERROR CoapServer:226 - cannot start server endpoint [0.0.0.0/0.0.0.0:8068]
java.net.BindException: Indirizzo già in uso (Bind failed)
	at java.base/java.net.PlainDatagramSocketImpl.bind0(Native Method)
	at java.base/java.net.AbstractPlainDatagramSocketImpl.bind(AbstractPlainDatagramSocketImpl.java:131)
	at java.base/java.net.DatagramSocket.bind(DatagramSocket.java:394)
	at java.base/java.net.DatagramSocket.<init>(DatagramSocket.java:244)
	at java.base/java.net.DatagramSocket.<init>(DatagramSocket.java:301)
	at org.eclipse.californium.elements.UDPConnector.start(UDPConnector.java:144)
	at org.eclipse.californium.core.network.CoapEndpoint.start(CoapEndpoint.java:480)
	at org.eclipse.californium.core.CoapServer.start(CoapServer.java:222)
	at it.unibo.kactor.QakContext.<init>(QakContext.kt:64)
	at it.unibo.kactor.QakContext.<init>(QakContext.kt:12)
	at it.unibo.kactor.sysUtil.createTheContext(sysUtil.kt:141)
	at it.unibo.kactor.sysUtil.createContexts(sysUtil.kt:104)
	at it.unibo.kactor.QakContext$Companion.createContexts(QakContext.kt:32)
	at it.unibo.ctxsonaronrasp.MainCtxsonaronraspKt$main$1.invokeSuspend(MainCtxsonaronrasp.kt:8)
	at kotlin.coroutines.jvm.internal.BaseContinuationImpl.resumeWith(ContinuationImpl.kt:33)
	at kotlinx.coroutines.DispatchedTask.run(Dispatched.kt:233)
	at kotlinx.coroutines.EventLoopImplBase.processNextEvent(EventLoop.kt:116)
	at kotlinx.coroutines.BlockingCoroutine.joinBlocking(Builders.kt:76)
	at kotlinx.coroutines.BuildersKt__BuildersKt.runBlocking(Builders.kt:53)
	at kotlinx.coroutines.BuildersKt.runBlocking(Unknown Source)
	at kotlinx.coroutines.BuildersKt__BuildersKt.runBlocking$default(Builders.kt:35)
	at kotlinx.coroutines.BuildersKt.runBlocking$default(Unknown Source)
	at it.unibo.ctxsonaronrasp.MainCtxsonaronraspKt.main(MainCtxsonaronrasp.kt:7)
	at it.unibo.ctxsonaronrasp.MainCtxsonaronraspKt.main(MainCtxsonaronrasp.kt)
2021-11-22 23:33:58 INFO  NetworkConfig:372 - loading properties from file /home/pi/Desktop/it.unibo.sonarRaspberry-1.0/it.unibo.sonarRaspberry-1.0/bin/Californium.properties
2021-11-22 23:33:58 INFO  RandomTokenGenerator:55 - using tokens of 8 bytes in length
2021-11-22 23:33:58 INFO  CoapEndpoint:423 - CoapEndpoint uses udp plain
2021-11-22 23:33:58 INFO  BlockwiseLayer:207 - BlockwiseLayer uses MAX_MESSAGE_SIZE=1024, PREFERRED_BLOCK_SIZE=512, BLOCKWISE_STATUS_LIFETIME=300000 and MAX_RESOURCE_BODY_SIZE=8192
2021-11-22 23:33:58 INFO  ReliabilityLayer:83 - ReliabilityLayer uses ACK_TIMEOUT=2000, ACK_RANDOM_FACTOR=1.5, and ACK_TIMEOUT_SCALE=2.0
2021-11-22 23:33:58 INFO  CoapServer:207 - Starting server
2021-11-22 23:33:58 INFO  CoapEndpoint:515 - Stopping endpoint at coap://0.0.0.0:8068
2021-11-22 23:33:58 ERROR CoapServer:226 - cannot start server endpoint [0.0.0.0/0.0.0.0:8068]
java.net.BindException: Indirizzo già in uso (Bind failed)
	at java.base/java.net.PlainDatagramSocketImpl.bind0(Native Method)
	at java.base/java.net.AbstractPlainDatagramSocketImpl.bind(AbstractPlainDatagramSocketImpl.java:131)
	at java.base/java.net.DatagramSocket.bind(DatagramSocket.java:394)
	at java.base/java.net.DatagramSocket.<init>(DatagramSocket.java:244)
	at java.base/java.net.DatagramSocket.<init>(DatagramSocket.java:301)
	at org.eclipse.californium.elements.UDPConnector.start(UDPConnector.java:144)
	at org.eclipse.californium.core.network.CoapEndpoint.start(CoapEndpoint.java:480)
	at org.eclipse.californium.core.CoapServer.start(CoapServer.java:222)
	at it.unibo.kactor.QakContext.<init>(QakContext.kt:64)
	at it.unibo.kactor.QakContext.<init>(QakContext.kt:12)
	at it.unibo.kactor.sysUtil.createTheContext(sysUtil.kt:141)
	at it.unibo.kactor.sysUtil.createContexts(sysUtil.kt:104)
	at it.unibo.kactor.QakContext$Companion.createContexts(QakContext.kt:32)
	at it.unibo.ctxsonaronrasp.MainCtxsonaronraspKt$main$1.invokeSuspend(MainCtxsonaronrasp.kt:8)
	at kotlin.coroutines.jvm.internal.BaseContinuationImpl.resumeWith(ContinuationImpl.kt:33)
	at kotlinx.coroutines.DispatchedTask.run(Dispatched.kt:233)
	at kotlinx.coroutines.EventLoopImplBase.processNextEvent(EventLoop.kt:116)
	at kotlinx.coroutines.BlockingCoroutine.joinBlocking(Builders.kt:76)
	at kotlinx.coroutines.BuildersKt__BuildersKt.runBlocking(Builders.kt:53)
	at kotlinx.coroutines.BuildersKt.runBlocking(Unknown Source)
	at kotlinx.coroutines.BuildersKt__BuildersKt.runBlocking$default(Builders.kt:35)
	at kotlinx.coroutines.BuildersKt.runBlocking$default(Unknown Source)
	at it.unibo.ctxsonaronrasp.MainCtxsonaronraspKt.main(MainCtxsonaronrasp.kt:7)
	at it.unibo.ctxsonaronrasp.MainCtxsonaronraspKt.main(MainCtxsonaronrasp.kt)
2021-11-23 09:03:17 INFO  NetworkConfig:372 - loading properties from file /home/pi/Desktop/it.unibo.sonarRaspberry-1.0/it.unibo.sonarRaspberry-1.0/bin/Californium.properties
2021-11-23 09:03:17 INFO  RandomTokenGenerator:55 - using tokens of 8 bytes in length
2021-11-23 09:03:17 INFO  CoapEndpoint:423 - CoapEndpoint uses udp plain
2021-11-23 09:03:18 INFO  BlockwiseLayer:207 - BlockwiseLayer uses MAX_MESSAGE_SIZE=1024, PREFERRED_BLOCK_SIZE=512, BLOCKWISE_STATUS_LIFETIME=300000 and MAX_RESOURCE_BODY_SIZE=8192
2021-11-23 09:03:18 INFO  ReliabilityLayer:83 - ReliabilityLayer uses ACK_TIMEOUT=2000, ACK_RANDOM_FACTOR=1.5, and ACK_TIMEOUT_SCALE=2.0
2021-11-23 09:03:18 INFO  CoapServer:207 - Starting server
2021-11-23 09:03:18 INFO  UDPConnector:161 - UDPConnector starts up 1 sender threads and 1 receiver threads
2021-11-23 09:03:18 INFO  UDPConnector:187 - UDPConnector listening on 0.0.0.0/0.0.0.0:8068, recv buf = 81920, send buf = 81920, recv packet size = 2048
2021-11-23 09:03:18 INFO  CoapEndpoint:485 - Started endpoint at coap://0.0.0.0:8068
2021-11-23 09:06:03 INFO  NetworkConfig:372 - loading properties from file /home/pi/Desktop/it.unibo.sonarRaspberry-1.0/it.unibo.sonarRaspberry-1.0/bin/Californium.properties
2021-11-23 09:06:03 INFO  RandomTokenGenerator:55 - using tokens of 8 bytes in length
2021-11-23 09:06:03 INFO  CoapEndpoint:423 - CoapEndpoint uses udp plain
2021-11-23 09:06:03 INFO  BlockwiseLayer:207 - BlockwiseLayer uses MAX_MESSAGE_SIZE=1024, PREFERRED_BLOCK_SIZE=512, BLOCKWISE_STATUS_LIFETIME=300000 and MAX_RESOURCE_BODY_SIZE=8192
2021-11-23 09:06:03 INFO  ReliabilityLayer:83 - ReliabilityLayer uses ACK_TIMEOUT=2000, ACK_RANDOM_FACTOR=1.5, and ACK_TIMEOUT_SCALE=2.0
2021-11-23 09:06:03 INFO  CoapServer:207 - Starting server
2021-11-23 09:06:03 INFO  CoapEndpoint:515 - Stopping endpoint at coap://0.0.0.0:8068
2021-11-23 09:06:03 ERROR CoapServer:226 - cannot start server endpoint [0.0.0.0/0.0.0.0:8068]
java.net.BindException: Indirizzo già in uso (Bind failed)
	at java.base/java.net.PlainDatagramSocketImpl.bind0(Native Method)
	at java.base/java.net.AbstractPlainDatagramSocketImpl.bind(AbstractPlainDatagramSocketImpl.java:131)
	at java.base/java.net.DatagramSocket.bind(DatagramSocket.java:394)
	at java.base/java.net.DatagramSocket.<init>(DatagramSocket.java:244)
	at java.base/java.net.DatagramSocket.<init>(DatagramSocket.java:301)
	at org.eclipse.californium.elements.UDPConnector.start(UDPConnector.java:144)
	at org.eclipse.californium.core.network.CoapEndpoint.start(CoapEndpoint.java:480)
	at org.eclipse.californium.core.CoapServer.start(CoapServer.java:222)
	at it.unibo.kactor.QakContext.<init>(QakContext.kt:64)
	at it.unibo.kactor.QakContext.<init>(QakContext.kt:12)
	at it.unibo.kactor.sysUtil.createTheContext(sysUtil.kt:141)
	at it.unibo.kactor.sysUtil.createContexts(sysUtil.kt:104)
	at it.unibo.kactor.QakContext$Companion.createContexts(QakContext.kt:32)
	at it.unibo.ctxsonaronrasp.MainCtxsonaronraspKt$main$1.invokeSuspend(MainCtxsonaronrasp.kt:8)
	at kotlin.coroutines.jvm.internal.BaseContinuationImpl.resumeWith(ContinuationImpl.kt:33)
	at kotlinx.coroutines.DispatchedTask.run(Dispatched.kt:233)
	at kotlinx.coroutines.EventLoopImplBase.processNextEvent(EventLoop.kt:116)
	at kotlinx.coroutines.BlockingCoroutine.joinBlocking(Builders.kt:76)
	at kotlinx.coroutines.BuildersKt__BuildersKt.runBlocking(Builders.kt:53)
	at kotlinx.coroutines.BuildersKt.runBlocking(Unknown Source)
	at kotlinx.coroutines.BuildersKt__BuildersKt.runBlocking$default(Builders.kt:35)
	at kotlinx.coroutines.BuildersKt.runBlocking$default(Unknown Source)
	at it.unibo.ctxsonaronrasp.MainCtxsonaronraspKt.main(MainCtxsonaronrasp.kt:7)
	at it.unibo.ctxsonaronrasp.MainCtxsonaronraspKt.main(MainCtxsonaronrasp.kt)
2021-11-23 09:12:40 INFO  NetworkConfig:372 - loading properties from file /home/pi/Desktop/it.unibo.sonarRaspberry-1.0/it.unibo.sonarRaspberry-1.0/bin/Californium.properties
2021-11-23 09:12:40 INFO  RandomTokenGenerator:55 - using tokens of 8 bytes in length
2021-11-23 09:12:40 INFO  CoapEndpoint:423 - CoapEndpoint uses udp plain
2021-11-23 09:12:40 INFO  BlockwiseLayer:207 - BlockwiseLayer uses MAX_MESSAGE_SIZE=1024, PREFERRED_BLOCK_SIZE=512, BLOCKWISE_STATUS_LIFETIME=300000 and MAX_RESOURCE_BODY_SIZE=8192
2021-11-23 09:12:40 INFO  ReliabilityLayer:83 - ReliabilityLayer uses ACK_TIMEOUT=2000, ACK_RANDOM_FACTOR=1.5, and ACK_TIMEOUT_SCALE=2.0
2021-11-23 09:12:40 INFO  CoapServer:207 - Starting server
2021-11-23 09:12:40 INFO  UDPConnector:161 - UDPConnector starts up 1 sender threads and 1 receiver threads
2021-11-23 09:12:40 INFO  UDPConnector:187 - UDPConnector listening on 0.0.0.0/0.0.0.0:8068, recv buf = 81920, send buf = 81920, recv packet size = 2048
2021-11-23 09:12:40 INFO  CoapEndpoint:485 - Started endpoint at coap://0.0.0.0:8068
2021-11-23 09:13:08 INFO  NetworkConfig:372 - loading properties from file /home/pi/Desktop/it.unibo.sonarRaspberry-1.0/it.unibo.sonarRaspberry-1.0/bin/Californium.properties
2021-11-23 09:13:08 INFO  RandomTokenGenerator:55 - using tokens of 8 bytes in length
2021-11-23 09:13:08 INFO  CoapEndpoint:423 - CoapEndpoint uses udp plain
2021-11-23 09:13:08 INFO  BlockwiseLayer:207 - BlockwiseLayer uses MAX_MESSAGE_SIZE=1024, PREFERRED_BLOCK_SIZE=512, BLOCKWISE_STATUS_LIFETIME=300000 and MAX_RESOURCE_BODY_SIZE=8192
2021-11-23 09:13:08 INFO  ReliabilityLayer:83 - ReliabilityLayer uses ACK_TIMEOUT=2000, ACK_RANDOM_FACTOR=1.5, and ACK_TIMEOUT_SCALE=2.0
2021-11-23 09:13:08 INFO  CoapServer:207 - Starting server
2021-11-23 09:13:08 INFO  CoapEndpoint:515 - Stopping endpoint at coap://0.0.0.0:8068
2021-11-23 09:13:08 ERROR CoapServer:226 - cannot start server endpoint [0.0.0.0/0.0.0.0:8068]
java.net.BindException: Indirizzo già in uso (Bind failed)
	at java.base/java.net.PlainDatagramSocketImpl.bind0(Native Method)
	at java.base/java.net.AbstractPlainDatagramSocketImpl.bind(AbstractPlainDatagramSocketImpl.java:131)
	at java.base/java.net.DatagramSocket.bind(DatagramSocket.java:394)
	at java.base/java.net.DatagramSocket.<init>(DatagramSocket.java:244)
	at java.base/java.net.DatagramSocket.<init>(DatagramSocket.java:301)
	at org.eclipse.californium.elements.UDPConnector.start(UDPConnector.java:144)
	at org.eclipse.californium.core.network.CoapEndpoint.start(CoapEndpoint.java:480)
	at org.eclipse.californium.core.CoapServer.start(CoapServer.java:222)
	at it.unibo.kactor.QakContext.<init>(QakContext.kt:64)
	at it.unibo.kactor.QakContext.<init>(QakContext.kt:12)
	at it.unibo.kactor.sysUtil.createTheContext(sysUtil.kt:141)
	at it.unibo.kactor.sysUtil.createContexts(sysUtil.kt:104)
	at it.unibo.kactor.QakContext$Companion.createContexts(QakContext.kt:32)
	at it.unibo.ctxsonaronrasp.MainCtxsonaronraspKt$main$1.invokeSuspend(MainCtxsonaronrasp.kt:8)
	at kotlin.coroutines.jvm.internal.BaseContinuationImpl.resumeWith(ContinuationImpl.kt:33)
	at kotlinx.coroutines.DispatchedTask.run(Dispatched.kt:233)
	at kotlinx.coroutines.EventLoopImplBase.processNextEvent(EventLoop.kt:116)
	at kotlinx.coroutines.BlockingCoroutine.joinBlocking(Builders.kt:76)
	at kotlinx.coroutines.BuildersKt__BuildersKt.runBlocking(Builders.kt:53)
	at kotlinx.coroutines.BuildersKt.runBlocking(Unknown Source)
	at kotlinx.coroutines.BuildersKt__BuildersKt.runBlocking$default(Builders.kt:35)
	at kotlinx.coroutines.BuildersKt.runBlocking$default(Unknown Source)
	at it.unibo.ctxsonaronrasp.MainCtxsonaronraspKt.main(MainCtxsonaronrasp.kt:7)
	at it.unibo.ctxsonaronrasp.MainCtxsonaronraspKt.main(MainCtxsonaronrasp.kt)
2021-11-23 09:13:39 INFO  NetworkConfig:372 - loading properties from file /home/pi/Desktop/it.unibo.sonarRaspberry-1.0/it.unibo.sonarRaspberry-1.0/bin/Californium.properties
2021-11-23 09:13:39 INFO  RandomTokenGenerator:55 - using tokens of 8 bytes in length
2021-11-23 09:13:39 INFO  CoapEndpoint:423 - CoapEndpoint uses udp plain
2021-11-23 09:13:39 INFO  BlockwiseLayer:207 - BlockwiseLayer uses MAX_MESSAGE_SIZE=1024, PREFERRED_BLOCK_SIZE=512, BLOCKWISE_STATUS_LIFETIME=300000 and MAX_RESOURCE_BODY_SIZE=8192
2021-11-23 09:13:39 INFO  ReliabilityLayer:83 - ReliabilityLayer uses ACK_TIMEOUT=2000, ACK_RANDOM_FACTOR=1.5, and ACK_TIMEOUT_SCALE=2.0
2021-11-23 09:13:39 INFO  CoapServer:207 - Starting server
2021-11-23 09:13:39 INFO  CoapEndpoint:515 - Stopping endpoint at coap://0.0.0.0:8068
2021-11-23 09:13:39 ERROR CoapServer:226 - cannot start server endpoint [0.0.0.0/0.0.0.0:8068]
java.net.BindException: Indirizzo già in uso (Bind failed)
	at java.base/java.net.PlainDatagramSocketImpl.bind0(Native Method)
	at java.base/java.net.AbstractPlainDatagramSocketImpl.bind(AbstractPlainDatagramSocketImpl.java:131)
	at java.base/java.net.DatagramSocket.bind(DatagramSocket.java:394)
	at java.base/java.net.DatagramSocket.<init>(DatagramSocket.java:244)
	at java.base/java.net.DatagramSocket.<init>(DatagramSocket.java:301)
	at org.eclipse.californium.elements.UDPConnector.start(UDPConnector.java:144)
	at org.eclipse.californium.core.network.CoapEndpoint.start(CoapEndpoint.java:480)
	at org.eclipse.californium.core.CoapServer.start(CoapServer.java:222)
	at it.unibo.kactor.QakContext.<init>(QakContext.kt:64)
	at it.unibo.kactor.QakContext.<init>(QakContext.kt:12)
	at it.unibo.kactor.sysUtil.createTheContext(sysUtil.kt:141)
	at it.unibo.kactor.sysUtil.createContexts(sysUtil.kt:104)
	at it.unibo.kactor.QakContext$Companion.createContexts(QakContext.kt:32)
	at it.unibo.ctxsonaronrasp.MainCtxsonaronraspKt$main$1.invokeSuspend(MainCtxsonaronrasp.kt:8)
	at kotlin.coroutines.jvm.internal.BaseContinuationImpl.resumeWith(ContinuationImpl.kt:33)
	at kotlinx.coroutines.DispatchedTask.run(Dispatched.kt:233)
	at kotlinx.coroutines.EventLoopImplBase.processNextEvent(EventLoop.kt:116)
	at kotlinx.coroutines.BlockingCoroutine.joinBlocking(Builders.kt:76)
	at kotlinx.coroutines.BuildersKt__BuildersKt.runBlocking(Builders.kt:53)
	at kotlinx.coroutines.BuildersKt.runBlocking(Unknown Source)
	at kotlinx.coroutines.BuildersKt__BuildersKt.runBlocking$default(Builders.kt:35)
	at kotlinx.coroutines.BuildersKt.runBlocking$default(Unknown Source)
	at it.unibo.ctxsonaronrasp.MainCtxsonaronraspKt.main(MainCtxsonaronrasp.kt:7)
	at it.unibo.ctxsonaronrasp.MainCtxsonaronraspKt.main(MainCtxsonaronrasp.kt)
2021-11-23 09:15:26 INFO  NetworkConfig:372 - loading properties from file /home/pi/Desktop/it.unibo.sonarRaspberry-1.0/it.unibo.sonarRaspberry-1.0/bin/Californium.properties
2021-11-23 09:15:26 INFO  RandomTokenGenerator:55 - using tokens of 8 bytes in length
2021-11-23 09:15:26 INFO  CoapEndpoint:423 - CoapEndpoint uses udp plain
2021-11-23 09:15:26 INFO  BlockwiseLayer:207 - BlockwiseLayer uses MAX_MESSAGE_SIZE=1024, PREFERRED_BLOCK_SIZE=512, BLOCKWISE_STATUS_LIFETIME=300000 and MAX_RESOURCE_BODY_SIZE=8192
2021-11-23 09:15:26 INFO  ReliabilityLayer:83 - ReliabilityLayer uses ACK_TIMEOUT=2000, ACK_RANDOM_FACTOR=1.5, and ACK_TIMEOUT_SCALE=2.0
2021-11-23 09:15:26 INFO  CoapServer:207 - Starting server
2021-11-23 09:15:26 INFO  CoapEndpoint:515 - Stopping endpoint at coap://0.0.0.0:8068
2021-11-23 09:15:26 ERROR CoapServer:226 - cannot start server endpoint [0.0.0.0/0.0.0.0:8068]
java.net.BindException: Indirizzo già in uso (Bind failed)
	at java.base/java.net.PlainDatagramSocketImpl.bind0(Native Method)
	at java.base/java.net.AbstractPlainDatagramSocketImpl.bind(AbstractPlainDatagramSocketImpl.java:131)
	at java.base/java.net.DatagramSocket.bind(DatagramSocket.java:394)
	at java.base/java.net.DatagramSocket.<init>(DatagramSocket.java:244)
	at java.base/java.net.DatagramSocket.<init>(DatagramSocket.java:301)
	at org.eclipse.californium.elements.UDPConnector.start(UDPConnector.java:144)
	at org.eclipse.californium.core.network.CoapEndpoint.start(CoapEndpoint.java:480)
	at org.eclipse.californium.core.CoapServer.start(CoapServer.java:222)
	at it.unibo.kactor.QakContext.<init>(QakContext.kt:64)
	at it.unibo.kactor.QakContext.<init>(QakContext.kt:12)
	at it.unibo.kactor.sysUtil.createTheContext(sysUtil.kt:141)
	at it.unibo.kactor.sysUtil.createContexts(sysUtil.kt:104)
	at it.unibo.kactor.QakContext$Companion.createContexts(QakContext.kt:32)
	at it.unibo.ctxsonaronrasp.MainCtxsonaronraspKt$main$1.invokeSuspend(MainCtxsonaronrasp.kt:8)
	at kotlin.coroutines.jvm.internal.BaseContinuationImpl.resumeWith(ContinuationImpl.kt:33)
	at kotlinx.coroutines.DispatchedTask.run(Dispatched.kt:233)
	at kotlinx.coroutines.EventLoopImplBase.processNextEvent(EventLoop.kt:116)
	at kotlinx.coroutines.BlockingCoroutine.joinBlocking(Builders.kt:76)
	at kotlinx.coroutines.BuildersKt__BuildersKt.runBlocking(Builders.kt:53)
	at kotlinx.coroutines.BuildersKt.runBlocking(Unknown Source)
	at kotlinx.coroutines.BuildersKt__BuildersKt.runBlocking$default(Builders.kt:35)
	at kotlinx.coroutines.BuildersKt.runBlocking$default(Unknown Source)
	at it.unibo.ctxsonaronrasp.MainCtxsonaronraspKt.main(MainCtxsonaronrasp.kt:7)
	at it.unibo.ctxsonaronrasp.MainCtxsonaronraspKt.main(MainCtxsonaronrasp.kt)
2021-11-23 10:22:30 INFO  NetworkConfig:372 - loading properties from file /home/pi/Desktop/it.unibo.sonarRaspberry-1.0/it.unibo.sonarRaspberry-1.0/bin/Californium.properties
2021-11-23 10:22:30 INFO  RandomTokenGenerator:55 - using tokens of 8 bytes in length
2021-11-23 10:22:30 INFO  CoapEndpoint:423 - CoapEndpoint uses udp plain
2021-11-23 10:22:30 INFO  BlockwiseLayer:207 - BlockwiseLayer uses MAX_MESSAGE_SIZE=1024, PREFERRED_BLOCK_SIZE=512, BLOCKWISE_STATUS_LIFETIME=300000 and MAX_RESOURCE_BODY_SIZE=8192
2021-11-23 10:22:30 INFO  ReliabilityLayer:83 - ReliabilityLayer uses ACK_TIMEOUT=2000, ACK_RANDOM_FACTOR=1.5, and ACK_TIMEOUT_SCALE=2.0
2021-11-23 10:22:30 INFO  CoapServer:207 - Starting server
2021-11-23 10:22:30 INFO  UDPConnector:161 - UDPConnector starts up 1 sender threads and 1 receiver threads
2021-11-23 10:22:30 INFO  UDPConnector:187 - UDPConnector listening on 0.0.0.0/0.0.0.0:8068, recv buf = 81920, send buf = 81920, recv packet size = 2048
2021-11-23 10:22:30 INFO  CoapEndpoint:485 - Started endpoint at coap://0.0.0.0:8068
2021-11-23 10:23:29 INFO  NetworkConfig:372 - loading properties from file /home/pi/Desktop/it.unibo.sonarRaspberry-1.0/it.unibo.sonarRaspberry-1.0/bin/Californium.properties
2021-11-23 10:23:29 INFO  RandomTokenGenerator:55 - using tokens of 8 bytes in length
2021-11-23 10:23:29 INFO  CoapEndpoint:423 - CoapEndpoint uses udp plain
2021-11-23 10:23:29 INFO  BlockwiseLayer:207 - BlockwiseLayer uses MAX_MESSAGE_SIZE=1024, PREFERRED_BLOCK_SIZE=512, BLOCKWISE_STATUS_LIFETIME=300000 and MAX_RESOURCE_BODY_SIZE=8192
2021-11-23 10:23:29 INFO  ReliabilityLayer:83 - ReliabilityLayer uses ACK_TIMEOUT=2000, ACK_RANDOM_FACTOR=1.5, and ACK_TIMEOUT_SCALE=2.0
2021-11-23 10:23:29 INFO  CoapServer:207 - Starting server
2021-11-23 10:23:29 INFO  CoapEndpoint:515 - Stopping endpoint at coap://0.0.0.0:8068
2021-11-23 10:23:29 ERROR CoapServer:226 - cannot start server endpoint [0.0.0.0/0.0.0.0:8068]
java.net.BindException: Indirizzo già in uso (Bind failed)
	at java.base/java.net.PlainDatagramSocketImpl.bind0(Native Method)
	at java.base/java.net.AbstractPlainDatagramSocketImpl.bind(AbstractPlainDatagramSocketImpl.java:131)
	at java.base/java.net.DatagramSocket.bind(DatagramSocket.java:394)
	at java.base/java.net.DatagramSocket.<init>(DatagramSocket.java:244)
	at java.base/java.net.DatagramSocket.<init>(DatagramSocket.java:301)
	at org.eclipse.californium.elements.UDPConnector.start(UDPConnector.java:144)
	at org.eclipse.californium.core.network.CoapEndpoint.start(CoapEndpoint.java:480)
	at org.eclipse.californium.core.CoapServer.start(CoapServer.java:222)
	at it.unibo.kactor.QakContext.<init>(QakContext.kt:64)
	at it.unibo.kactor.QakContext.<init>(QakContext.kt:12)
	at it.unibo.kactor.sysUtil.createTheContext(sysUtil.kt:141)
	at it.unibo.kactor.sysUtil.createContexts(sysUtil.kt:104)
	at it.unibo.kactor.QakContext$Companion.createContexts(QakContext.kt:32)
	at it.unibo.ctxsonaronrasp.MainCtxsonaronraspKt$main$1.invokeSuspend(MainCtxsonaronrasp.kt:8)
	at kotlin.coroutines.jvm.internal.BaseContinuationImpl.resumeWith(ContinuationImpl.kt:33)
	at kotlinx.coroutines.DispatchedTask.run(Dispatched.kt:233)
	at kotlinx.coroutines.EventLoopImplBase.processNextEvent(EventLoop.kt:116)
	at kotlinx.coroutines.BlockingCoroutine.joinBlocking(Builders.kt:76)
	at kotlinx.coroutines.BuildersKt__BuildersKt.runBlocking(Builders.kt:53)
	at kotlinx.coroutines.BuildersKt.runBlocking(Unknown Source)
	at kotlinx.coroutines.BuildersKt__BuildersKt.runBlocking$default(Builders.kt:35)
	at kotlinx.coroutines.BuildersKt.runBlocking$default(Unknown Source)
	at it.unibo.ctxsonaronrasp.MainCtxsonaronraspKt.main(MainCtxsonaronrasp.kt:7)
	at it.unibo.ctxsonaronrasp.MainCtxsonaronraspKt.main(MainCtxsonaronrasp.kt)
2021-11-23 17:25:50 INFO  NetworkConfig:372 - loading properties from file /home/pi/Desktop/it.unibo.sonarRaspberry-1.0/it.unibo.sonarRaspberry-1.0/bin/Californium.properties
2021-11-23 17:25:50 INFO  RandomTokenGenerator:55 - using tokens of 8 bytes in length
2021-11-23 17:25:50 INFO  CoapEndpoint:423 - CoapEndpoint uses udp plain
2021-11-23 17:25:50 INFO  BlockwiseLayer:207 - BlockwiseLayer uses MAX_MESSAGE_SIZE=1024, PREFERRED_BLOCK_SIZE=512, BLOCKWISE_STATUS_LIFETIME=300000 and MAX_RESOURCE_BODY_SIZE=8192
2021-11-23 17:25:50 INFO  ReliabilityLayer:83 - ReliabilityLayer uses ACK_TIMEOUT=2000, ACK_RANDOM_FACTOR=1.5, and ACK_TIMEOUT_SCALE=2.0
2021-11-23 17:25:50 INFO  CoapServer:207 - Starting server
2021-11-23 17:25:50 INFO  CoapEndpoint:515 - Stopping endpoint at coap://0.0.0.0:8068
2021-11-23 17:25:50 ERROR CoapServer:226 - cannot start server endpoint [0.0.0.0/0.0.0.0:8068]
java.net.BindException: Indirizzo già in uso (Bind failed)
	at java.base/java.net.PlainDatagramSocketImpl.bind0(Native Method)
	at java.base/java.net.AbstractPlainDatagramSocketImpl.bind(AbstractPlainDatagramSocketImpl.java:131)
	at java.base/java.net.DatagramSocket.bind(DatagramSocket.java:394)
	at java.base/java.net.DatagramSocket.<init>(DatagramSocket.java:244)
	at java.base/java.net.DatagramSocket.<init>(DatagramSocket.java:301)
	at org.eclipse.californium.elements.UDPConnector.start(UDPConnector.java:144)
	at org.eclipse.californium.core.network.CoapEndpoint.start(CoapEndpoint.java:480)
	at org.eclipse.californium.core.CoapServer.start(CoapServer.java:222)
	at it.unibo.kactor.QakContext.<init>(QakContext.kt:64)
	at it.unibo.kactor.QakContext.<init>(QakContext.kt:12)
	at it.unibo.kactor.sysUtil.createTheContext(sysUtil.kt:141)
	at it.unibo.kactor.sysUtil.createContexts(sysUtil.kt:104)
	at it.unibo.kactor.QakContext$Companion.createContexts(QakContext.kt:32)
	at it.unibo.ctxsonaronrasp.MainCtxsonaronraspKt$main$1.invokeSuspend(MainCtxsonaronrasp.kt:8)
	at kotlin.coroutines.jvm.internal.BaseContinuationImpl.resumeWith(ContinuationImpl.kt:33)
	at kotlinx.coroutines.DispatchedTask.run(Dispatched.kt:233)
	at kotlinx.coroutines.EventLoopImplBase.processNextEvent(EventLoop.kt:116)
	at kotlinx.coroutines.BlockingCoroutine.joinBlocking(Builders.kt:76)
	at kotlinx.coroutines.BuildersKt__BuildersKt.runBlocking(Builders.kt:53)
	at kotlinx.coroutines.BuildersKt.runBlocking(Unknown Source)
	at kotlinx.coroutines.BuildersKt__BuildersKt.runBlocking$default(Builders.kt:35)
	at kotlinx.coroutines.BuildersKt.runBlocking$default(Unknown Source)
	at it.unibo.ctxsonaronrasp.MainCtxsonaronraspKt.main(MainCtxsonaronrasp.kt:7)
	at it.unibo.ctxsonaronrasp.MainCtxsonaronraspKt.main(MainCtxsonaronrasp.kt)
2021-11-23 17:56:32 INFO  NetworkConfig:372 - loading properties from file /home/pi/Desktop/it.unibo.sonarRaspberry-1.0/it.unibo.sonarRaspberry-1.0/bin/Californium.properties
2021-11-23 17:56:32 INFO  RandomTokenGenerator:55 - using tokens of 8 bytes in length
2021-11-23 17:56:32 INFO  CoapEndpoint:423 - CoapEndpoint uses udp plain
2021-11-23 17:56:33 INFO  BlockwiseLayer:207 - BlockwiseLayer uses MAX_MESSAGE_SIZE=1024, PREFERRED_BLOCK_SIZE=512, BLOCKWISE_STATUS_LIFETIME=300000 and MAX_RESOURCE_BODY_SIZE=8192
2021-11-23 17:56:33 INFO  ReliabilityLayer:83 - ReliabilityLayer uses ACK_TIMEOUT=2000, ACK_RANDOM_FACTOR=1.5, and ACK_TIMEOUT_SCALE=2.0
2021-11-23 17:56:33 INFO  CoapServer:207 - Starting server
2021-11-23 17:56:33 INFO  CoapEndpoint:515 - Stopping endpoint at coap://0.0.0.0:8068
2021-11-23 17:56:33 ERROR CoapServer:226 - cannot start server endpoint [0.0.0.0/0.0.0.0:8068]
java.net.BindException: Indirizzo già in uso (Bind failed)
	at java.base/java.net.PlainDatagramSocketImpl.bind0(Native Method)
	at java.base/java.net.AbstractPlainDatagramSocketImpl.bind(AbstractPlainDatagramSocketImpl.java:131)
	at java.base/java.net.DatagramSocket.bind(DatagramSocket.java:394)
	at java.base/java.net.DatagramSocket.<init>(DatagramSocket.java:244)
	at java.base/java.net.DatagramSocket.<init>(DatagramSocket.java:301)
	at org.eclipse.californium.elements.UDPConnector.start(UDPConnector.java:144)
	at org.eclipse.californium.core.network.CoapEndpoint.start(CoapEndpoint.java:480)
	at org.eclipse.californium.core.CoapServer.start(CoapServer.java:222)
	at it.unibo.kactor.QakContext.<init>(QakContext.kt:64)
	at it.unibo.kactor.QakContext.<init>(QakContext.kt:12)
	at it.unibo.kactor.sysUtil.createTheContext(sysUtil.kt:141)
	at it.unibo.kactor.sysUtil.createContexts(sysUtil.kt:104)
	at it.unibo.kactor.QakContext$Companion.createContexts(QakContext.kt:32)
	at it.unibo.ctxsonaronrasp.MainCtxsonaronraspKt$main$1.invokeSuspend(MainCtxsonaronrasp.kt:8)
	at kotlin.coroutines.jvm.internal.BaseContinuationImpl.resumeWith(ContinuationImpl.kt:33)
	at kotlinx.coroutines.DispatchedTask.run(Dispatched.kt:233)
	at kotlinx.coroutines.EventLoopImplBase.processNextEvent(EventLoop.kt:116)
	at kotlinx.coroutines.BlockingCoroutine.joinBlocking(Builders.kt:76)
	at kotlinx.coroutines.BuildersKt__BuildersKt.runBlocking(Builders.kt:53)
	at kotlinx.coroutines.BuildersKt.runBlocking(Unknown Source)
	at kotlinx.coroutines.BuildersKt__BuildersKt.runBlocking$default(Builders.kt:35)
	at kotlinx.coroutines.BuildersKt.runBlocking$default(Unknown Source)
	at it.unibo.ctxsonaronrasp.MainCtxsonaronraspKt.main(MainCtxsonaronrasp.kt:7)
	at it.unibo.ctxsonaronrasp.MainCtxsonaronraspKt.main(MainCtxsonaronrasp.kt)
2021-11-23 18:07:26 INFO  NetworkConfig:372 - loading properties from file /home/pi/Desktop/it.unibo.sonarRaspberry-1.0/it.unibo.sonarRaspberry-1.0/bin/Californium.properties
2021-11-23 18:07:27 INFO  RandomTokenGenerator:55 - using tokens of 8 bytes in length
2021-11-23 18:07:27 INFO  CoapEndpoint:423 - CoapEndpoint uses udp plain
2021-11-23 18:07:27 INFO  BlockwiseLayer:207 - BlockwiseLayer uses MAX_MESSAGE_SIZE=1024, PREFERRED_BLOCK_SIZE=512, BLOCKWISE_STATUS_LIFETIME=300000 and MAX_RESOURCE_BODY_SIZE=8192
2021-11-23 18:07:27 INFO  ReliabilityLayer:83 - ReliabilityLayer uses ACK_TIMEOUT=2000, ACK_RANDOM_FACTOR=1.5, and ACK_TIMEOUT_SCALE=2.0
2021-11-23 18:07:27 INFO  CoapServer:207 - Starting server
2021-11-23 18:07:27 INFO  CoapEndpoint:515 - Stopping endpoint at coap://0.0.0.0:8068
2021-11-23 18:07:27 ERROR CoapServer:226 - cannot start server endpoint [0.0.0.0/0.0.0.0:8068]
java.net.BindException: Indirizzo già in uso (Bind failed)
	at java.base/java.net.PlainDatagramSocketImpl.bind0(Native Method)
	at java.base/java.net.AbstractPlainDatagramSocketImpl.bind(AbstractPlainDatagramSocketImpl.java:131)
	at java.base/java.net.DatagramSocket.bind(DatagramSocket.java:394)
	at java.base/java.net.DatagramSocket.<init>(DatagramSocket.java:244)
	at java.base/java.net.DatagramSocket.<init>(DatagramSocket.java:301)
	at org.eclipse.californium.elements.UDPConnector.start(UDPConnector.java:144)
	at org.eclipse.californium.core.network.CoapEndpoint.start(CoapEndpoint.java:480)
	at org.eclipse.californium.core.CoapServer.start(CoapServer.java:222)
	at it.unibo.kactor.QakContext.<init>(QakContext.kt:64)
	at it.unibo.kactor.QakContext.<init>(QakContext.kt:12)
	at it.unibo.kactor.sysUtil.createTheContext(sysUtil.kt:141)
	at it.unibo.kactor.sysUtil.createContexts(sysUtil.kt:104)
	at it.unibo.kactor.QakContext$Companion.createContexts(QakContext.kt:32)
	at it.unibo.ctxsonaronrasp.MainCtxsonaronraspKt$main$1.invokeSuspend(MainCtxsonaronrasp.kt:8)
	at kotlin.coroutines.jvm.internal.BaseContinuationImpl.resumeWith(ContinuationImpl.kt:33)
	at kotlinx.coroutines.DispatchedTask.run(Dispatched.kt:233)
	at kotlinx.coroutines.EventLoopImplBase.processNextEvent(EventLoop.kt:116)
	at kotlinx.coroutines.BlockingCoroutine.joinBlocking(Builders.kt:76)
	at kotlinx.coroutines.BuildersKt__BuildersKt.runBlocking(Builders.kt:53)
	at kotlinx.coroutines.BuildersKt.runBlocking(Unknown Source)
	at kotlinx.coroutines.BuildersKt__BuildersKt.runBlocking$default(Builders.kt:35)
	at kotlinx.coroutines.BuildersKt.runBlocking$default(Unknown Source)
	at it.unibo.ctxsonaronrasp.MainCtxsonaronraspKt.main(MainCtxsonaronrasp.kt:7)
	at it.unibo.ctxsonaronrasp.MainCtxsonaronraspKt.main(MainCtxsonaronrasp.kt)
2021-11-23 18:15:49 INFO  NetworkConfig:372 - loading properties from file /home/pi/Desktop/it.unibo.sonarRaspberry-1.0/it.unibo.sonarRaspberry-1.0/bin/Californium.properties
2021-11-23 18:15:49 INFO  RandomTokenGenerator:55 - using tokens of 8 bytes in length
2021-11-23 18:15:49 INFO  CoapEndpoint:423 - CoapEndpoint uses udp plain
2021-11-23 18:15:49 INFO  BlockwiseLayer:207 - BlockwiseLayer uses MAX_MESSAGE_SIZE=1024, PREFERRED_BLOCK_SIZE=512, BLOCKWISE_STATUS_LIFETIME=300000 and MAX_RESOURCE_BODY_SIZE=8192
2021-11-23 18:15:49 INFO  ReliabilityLayer:83 - ReliabilityLayer uses ACK_TIMEOUT=2000, ACK_RANDOM_FACTOR=1.5, and ACK_TIMEOUT_SCALE=2.0
2021-11-23 18:15:49 INFO  CoapServer:207 - Starting server
2021-11-23 18:15:49 INFO  CoapEndpoint:515 - Stopping endpoint at coap://0.0.0.0:8068
2021-11-23 18:15:49 ERROR CoapServer:226 - cannot start server endpoint [0.0.0.0/0.0.0.0:8068]
java.net.BindException: Indirizzo già in uso (Bind failed)
	at java.base/java.net.PlainDatagramSocketImpl.bind0(Native Method)
	at java.base/java.net.AbstractPlainDatagramSocketImpl.bind(AbstractPlainDatagramSocketImpl.java:131)
	at java.base/java.net.DatagramSocket.bind(DatagramSocket.java:394)
	at java.base/java.net.DatagramSocket.<init>(DatagramSocket.java:244)
	at java.base/java.net.DatagramSocket.<init>(DatagramSocket.java:301)
	at org.eclipse.californium.elements.UDPConnector.start(UDPConnector.java:144)
	at org.eclipse.californium.core.network.CoapEndpoint.start(CoapEndpoint.java:480)
	at org.eclipse.californium.core.CoapServer.start(CoapServer.java:222)
	at it.unibo.kactor.QakContext.<init>(QakContext.kt:64)
	at it.unibo.kactor.QakContext.<init>(QakContext.kt:12)
	at it.unibo.kactor.sysUtil.createTheContext(sysUtil.kt:141)
	at it.unibo.kactor.sysUtil.createContexts(sysUtil.kt:104)
	at it.unibo.kactor.QakContext$Companion.createContexts(QakContext.kt:32)
	at it.unibo.ctxsonaronrasp.MainCtxsonaronraspKt$main$1.invokeSuspend(MainCtxsonaronrasp.kt:8)
	at kotlin.coroutines.jvm.internal.BaseContinuationImpl.resumeWith(ContinuationImpl.kt:33)
	at kotlinx.coroutines.DispatchedTask.run(Dispatched.kt:233)
	at kotlinx.coroutines.EventLoopImplBase.processNextEvent(EventLoop.kt:116)
	at kotlinx.coroutines.BlockingCoroutine.joinBlocking(Builders.kt:76)
	at kotlinx.coroutines.BuildersKt__BuildersKt.runBlocking(Builders.kt:53)
	at kotlinx.coroutines.BuildersKt.runBlocking(Unknown Source)
	at kotlinx.coroutines.BuildersKt__BuildersKt.runBlocking$default(Builders.kt:35)
	at kotlinx.coroutines.BuildersKt.runBlocking$default(Unknown Source)
	at it.unibo.ctxsonaronrasp.MainCtxsonaronraspKt.main(MainCtxsonaronrasp.kt:7)
	at it.unibo.ctxsonaronrasp.MainCtxsonaronraspKt.main(MainCtxsonaronrasp.kt)
2021-11-23 18:21:27 INFO  NetworkConfig:372 - loading properties from file /home/pi/Desktop/it.unibo.sonarRaspberry-1.0/it.unibo.sonarRaspberry-1.0/bin/Californium.properties
2021-11-23 18:21:27 INFO  RandomTokenGenerator:55 - using tokens of 8 bytes in length
2021-11-23 18:21:27 INFO  CoapEndpoint:423 - CoapEndpoint uses udp plain
2021-11-23 18:21:27 INFO  BlockwiseLayer:207 - BlockwiseLayer uses MAX_MESSAGE_SIZE=1024, PREFERRED_BLOCK_SIZE=512, BLOCKWISE_STATUS_LIFETIME=300000 and MAX_RESOURCE_BODY_SIZE=8192
2021-11-23 18:21:27 INFO  ReliabilityLayer:83 - ReliabilityLayer uses ACK_TIMEOUT=2000, ACK_RANDOM_FACTOR=1.5, and ACK_TIMEOUT_SCALE=2.0
2021-11-23 18:21:27 INFO  CoapServer:207 - Starting server
2021-11-23 18:21:27 INFO  CoapEndpoint:515 - Stopping endpoint at coap://0.0.0.0:8068
2021-11-23 18:21:27 ERROR CoapServer:226 - cannot start server endpoint [0.0.0.0/0.0.0.0:8068]
java.net.BindException: Indirizzo già in uso (Bind failed)
	at java.base/java.net.PlainDatagramSocketImpl.bind0(Native Method)
	at java.base/java.net.AbstractPlainDatagramSocketImpl.bind(AbstractPlainDatagramSocketImpl.java:131)
	at java.base/java.net.DatagramSocket.bind(DatagramSocket.java:394)
	at java.base/java.net.DatagramSocket.<init>(DatagramSocket.java:244)
	at java.base/java.net.DatagramSocket.<init>(DatagramSocket.java:301)
	at org.eclipse.californium.elements.UDPConnector.start(UDPConnector.java:144)
	at org.eclipse.californium.core.network.CoapEndpoint.start(CoapEndpoint.java:480)
	at org.eclipse.californium.core.CoapServer.start(CoapServer.java:222)
	at it.unibo.kactor.QakContext.<init>(QakContext.kt:64)
	at it.unibo.kactor.QakContext.<init>(QakContext.kt:12)
	at it.unibo.kactor.sysUtil.createTheContext(sysUtil.kt:141)
	at it.unibo.kactor.sysUtil.createContexts(sysUtil.kt:104)
	at it.unibo.kactor.QakContext$Companion.createContexts(QakContext.kt:32)
	at it.unibo.ctxsonaronrasp.MainCtxsonaronraspKt$main$1.invokeSuspend(MainCtxsonaronrasp.kt:8)
	at kotlin.coroutines.jvm.internal.BaseContinuationImpl.resumeWith(ContinuationImpl.kt:33)
	at kotlinx.coroutines.DispatchedTask.run(Dispatched.kt:233)
	at kotlinx.coroutines.EventLoopImplBase.processNextEvent(EventLoop.kt:116)
	at kotlinx.coroutines.BlockingCoroutine.joinBlocking(Builders.kt:76)
	at kotlinx.coroutines.BuildersKt__BuildersKt.runBlocking(Builders.kt:53)
	at kotlinx.coroutines.BuildersKt.runBlocking(Unknown Source)
	at kotlinx.coroutines.BuildersKt__BuildersKt.runBlocking$default(Builders.kt:35)
	at kotlinx.coroutines.BuildersKt.runBlocking$default(Unknown Source)
	at it.unibo.ctxsonaronrasp.MainCtxsonaronraspKt.main(MainCtxsonaronrasp.kt:7)
	at it.unibo.ctxsonaronrasp.MainCtxsonaronraspKt.main(MainCtxsonaronrasp.kt)
2021-11-23 18:22:50 INFO  NetworkConfig:372 - loading properties from file /home/pi/Desktop/it.unibo.sonarRaspberry-1.0/it.unibo.sonarRaspberry-1.0/bin/Californium.properties
2021-11-23 18:22:50 INFO  RandomTokenGenerator:55 - using tokens of 8 bytes in length
2021-11-23 18:22:50 INFO  CoapEndpoint:423 - CoapEndpoint uses udp plain
2021-11-23 18:22:50 INFO  BlockwiseLayer:207 - BlockwiseLayer uses MAX_MESSAGE_SIZE=1024, PREFERRED_BLOCK_SIZE=512, BLOCKWISE_STATUS_LIFETIME=300000 and MAX_RESOURCE_BODY_SIZE=8192
2021-11-23 18:22:50 INFO  ReliabilityLayer:83 - ReliabilityLayer uses ACK_TIMEOUT=2000, ACK_RANDOM_FACTOR=1.5, and ACK_TIMEOUT_SCALE=2.0
2021-11-23 18:22:50 INFO  CoapServer:207 - Starting server
2021-11-23 18:22:50 INFO  CoapEndpoint:515 - Stopping endpoint at coap://0.0.0.0:8068
2021-11-23 18:22:50 ERROR CoapServer:226 - cannot start server endpoint [0.0.0.0/0.0.0.0:8068]
java.net.BindException: Indirizzo già in uso (Bind failed)
	at java.base/java.net.PlainDatagramSocketImpl.bind0(Native Method)
	at java.base/java.net.AbstractPlainDatagramSocketImpl.bind(AbstractPlainDatagramSocketImpl.java:131)
	at java.base/java.net.DatagramSocket.bind(DatagramSocket.java:394)
	at java.base/java.net.DatagramSocket.<init>(DatagramSocket.java:244)
	at java.base/java.net.DatagramSocket.<init>(DatagramSocket.java:301)
	at org.eclipse.californium.elements.UDPConnector.start(UDPConnector.java:144)
	at org.eclipse.californium.core.network.CoapEndpoint.start(CoapEndpoint.java:480)
	at org.eclipse.californium.core.CoapServer.start(CoapServer.java:222)
	at it.unibo.kactor.QakContext.<init>(QakContext.kt:64)
	at it.unibo.kactor.QakContext.<init>(QakContext.kt:12)
	at it.unibo.kactor.sysUtil.createTheContext(sysUtil.kt:141)
	at it.unibo.kactor.sysUtil.createContexts(sysUtil.kt:104)
	at it.unibo.kactor.QakContext$Companion.createContexts(QakContext.kt:32)
	at it.unibo.ctxsonaronrasp.MainCtxsonaronraspKt$main$1.invokeSuspend(MainCtxsonaronrasp.kt:8)
	at kotlin.coroutines.jvm.internal.BaseContinuationImpl.resumeWith(ContinuationImpl.kt:33)
	at kotlinx.coroutines.DispatchedTask.run(Dispatched.kt:233)
	at kotlinx.coroutines.EventLoopImplBase.processNextEvent(EventLoop.kt:116)
	at kotlinx.coroutines.BlockingCoroutine.joinBlocking(Builders.kt:76)
	at kotlinx.coroutines.BuildersKt__BuildersKt.runBlocking(Builders.kt:53)
	at kotlinx.coroutines.BuildersKt.runBlocking(Unknown Source)
	at kotlinx.coroutines.BuildersKt__BuildersKt.runBlocking$default(Builders.kt:35)
	at kotlinx.coroutines.BuildersKt.runBlocking$default(Unknown Source)
	at it.unibo.ctxsonaronrasp.MainCtxsonaronraspKt.main(MainCtxsonaronrasp.kt:7)
	at it.unibo.ctxsonaronrasp.MainCtxsonaronraspKt.main(MainCtxsonaronrasp.kt)
2021-11-23 18:28:07 INFO  NetworkConfig:372 - loading properties from file /home/pi/Desktop/it.unibo.sonarRaspberry-1.0/it.unibo.sonarRaspberry-1.0/bin/Californium.properties
2021-11-23 18:28:07 INFO  RandomTokenGenerator:55 - using tokens of 8 bytes in length
2021-11-23 18:28:07 INFO  CoapEndpoint:423 - CoapEndpoint uses udp plain
2021-11-23 18:28:07 INFO  BlockwiseLayer:207 - BlockwiseLayer uses MAX_MESSAGE_SIZE=1024, PREFERRED_BLOCK_SIZE=512, BLOCKWISE_STATUS_LIFETIME=300000 and MAX_RESOURCE_BODY_SIZE=8192
2021-11-23 18:28:07 INFO  ReliabilityLayer:83 - ReliabilityLayer uses ACK_TIMEOUT=2000, ACK_RANDOM_FACTOR=1.5, and ACK_TIMEOUT_SCALE=2.0
2021-11-23 18:28:07 INFO  CoapServer:207 - Starting server
2021-11-23 18:28:07 INFO  CoapEndpoint:515 - Stopping endpoint at coap://0.0.0.0:8068
2021-11-23 18:28:07 ERROR CoapServer:226 - cannot start server endpoint [0.0.0.0/0.0.0.0:8068]
java.net.BindException: Indirizzo già in uso (Bind failed)
	at java.base/java.net.PlainDatagramSocketImpl.bind0(Native Method)
	at java.base/java.net.AbstractPlainDatagramSocketImpl.bind(AbstractPlainDatagramSocketImpl.java:131)
	at java.base/java.net.DatagramSocket.bind(DatagramSocket.java:394)
	at java.base/java.net.DatagramSocket.<init>(DatagramSocket.java:244)
	at java.base/java.net.DatagramSocket.<init>(DatagramSocket.java:301)
	at org.eclipse.californium.elements.UDPConnector.start(UDPConnector.java:144)
	at org.eclipse.californium.core.network.CoapEndpoint.start(CoapEndpoint.java:480)
	at org.eclipse.californium.core.CoapServer.start(CoapServer.java:222)
	at it.unibo.kactor.QakContext.<init>(QakContext.kt:64)
	at it.unibo.kactor.QakContext.<init>(QakContext.kt:12)
	at it.unibo.kactor.sysUtil.createTheContext(sysUtil.kt:141)
	at it.unibo.kactor.sysUtil.createContexts(sysUtil.kt:104)
	at it.unibo.kactor.QakContext$Companion.createContexts(QakContext.kt:32)
	at it.unibo.ctxsonaronrasp.MainCtxsonaronraspKt$main$1.invokeSuspend(MainCtxsonaronrasp.kt:8)
	at kotlin.coroutines.jvm.internal.BaseContinuationImpl.resumeWith(ContinuationImpl.kt:33)
	at kotlinx.coroutines.DispatchedTask.run(Dispatched.kt:233)
	at kotlinx.coroutines.EventLoopImplBase.processNextEvent(EventLoop.kt:116)
	at kotlinx.coroutines.BlockingCoroutine.joinBlocking(Builders.kt:76)
	at kotlinx.coroutines.BuildersKt__BuildersKt.runBlocking(Builders.kt:53)
	at kotlinx.coroutines.BuildersKt.runBlocking(Unknown Source)
	at kotlinx.coroutines.BuildersKt__BuildersKt.runBlocking$default(Builders.kt:35)
	at kotlinx.coroutines.BuildersKt.runBlocking$default(Unknown Source)
	at it.unibo.ctxsonaronrasp.MainCtxsonaronraspKt.main(MainCtxsonaronrasp.kt:7)
	at it.unibo.ctxsonaronrasp.MainCtxsonaronraspKt.main(MainCtxsonaronrasp.kt)
2021-11-23 18:29:54 INFO  NetworkConfig:372 - loading properties from file /home/pi/Desktop/it.unibo.sonarRaspberry-1.0/it.unibo.sonarRaspberry-1.0/bin/Californium.properties
2021-11-23 18:29:54 INFO  RandomTokenGenerator:55 - using tokens of 8 bytes in length
2021-11-23 18:29:54 INFO  CoapEndpoint:423 - CoapEndpoint uses udp plain
2021-11-23 18:29:55 INFO  BlockwiseLayer:207 - BlockwiseLayer uses MAX_MESSAGE_SIZE=1024, PREFERRED_BLOCK_SIZE=512, BLOCKWISE_STATUS_LIFETIME=300000 and MAX_RESOURCE_BODY_SIZE=8192
2021-11-23 18:29:55 INFO  ReliabilityLayer:83 - ReliabilityLayer uses ACK_TIMEOUT=2000, ACK_RANDOM_FACTOR=1.5, and ACK_TIMEOUT_SCALE=2.0
2021-11-23 18:29:55 INFO  CoapServer:207 - Starting server
2021-11-23 18:29:55 INFO  CoapEndpoint:515 - Stopping endpoint at coap://0.0.0.0:8068
2021-11-23 18:29:55 ERROR CoapServer:226 - cannot start server endpoint [0.0.0.0/0.0.0.0:8068]
java.net.BindException: Indirizzo già in uso (Bind failed)
	at java.base/java.net.PlainDatagramSocketImpl.bind0(Native Method)
	at java.base/java.net.AbstractPlainDatagramSocketImpl.bind(AbstractPlainDatagramSocketImpl.java:131)
	at java.base/java.net.DatagramSocket.bind(DatagramSocket.java:394)
	at java.base/java.net.DatagramSocket.<init>(DatagramSocket.java:244)
	at java.base/java.net.DatagramSocket.<init>(DatagramSocket.java:301)
	at org.eclipse.californium.elements.UDPConnector.start(UDPConnector.java:144)
	at org.eclipse.californium.core.network.CoapEndpoint.start(CoapEndpoint.java:480)
	at org.eclipse.californium.core.CoapServer.start(CoapServer.java:222)
	at it.unibo.kactor.QakContext.<init>(QakContext.kt:64)
	at it.unibo.kactor.QakContext.<init>(QakContext.kt:12)
	at it.unibo.kactor.sysUtil.createTheContext(sysUtil.kt:141)
	at it.unibo.kactor.sysUtil.createContexts(sysUtil.kt:104)
	at it.unibo.kactor.QakContext$Companion.createContexts(QakContext.kt:32)
	at it.unibo.ctxsonaronrasp.MainCtxsonaronraspKt$main$1.invokeSuspend(MainCtxsonaronrasp.kt:8)
	at kotlin.coroutines.jvm.internal.BaseContinuationImpl.resumeWith(ContinuationImpl.kt:33)
	at kotlinx.coroutines.DispatchedTask.run(Dispatched.kt:233)
	at kotlinx.coroutines.EventLoopImplBase.processNextEvent(EventLoop.kt:116)
	at kotlinx.coroutines.BlockingCoroutine.joinBlocking(Builders.kt:76)
	at kotlinx.coroutines.BuildersKt__BuildersKt.runBlocking(Builders.kt:53)
	at kotlinx.coroutines.BuildersKt.runBlocking(Unknown Source)
	at kotlinx.coroutines.BuildersKt__BuildersKt.runBlocking$default(Builders.kt:35)
	at kotlinx.coroutines.BuildersKt.runBlocking$default(Unknown Source)
	at it.unibo.ctxsonaronrasp.MainCtxsonaronraspKt.main(MainCtxsonaronrasp.kt:7)
	at it.unibo.ctxsonaronrasp.MainCtxsonaronraspKt.main(MainCtxsonaronrasp.kt)
2021-11-23 18:30:17 INFO  NetworkConfig:372 - loading properties from file /home/pi/Desktop/it.unibo.sonarRaspberry-1.0/it.unibo.sonarRaspberry-1.0/bin/Californium.properties
2021-11-23 18:30:17 INFO  RandomTokenGenerator:55 - using tokens of 8 bytes in length
2021-11-23 18:30:17 INFO  CoapEndpoint:423 - CoapEndpoint uses udp plain
2021-11-23 18:30:17 INFO  BlockwiseLayer:207 - BlockwiseLayer uses MAX_MESSAGE_SIZE=1024, PREFERRED_BLOCK_SIZE=512, BLOCKWISE_STATUS_LIFETIME=300000 and MAX_RESOURCE_BODY_SIZE=8192
2021-11-23 18:30:17 INFO  ReliabilityLayer:83 - ReliabilityLayer uses ACK_TIMEOUT=2000, ACK_RANDOM_FACTOR=1.5, and ACK_TIMEOUT_SCALE=2.0
2021-11-23 18:30:17 INFO  CoapServer:207 - Starting server
2021-11-23 18:30:17 INFO  CoapEndpoint:515 - Stopping endpoint at coap://0.0.0.0:8068
2021-11-23 18:30:17 ERROR CoapServer:226 - cannot start server endpoint [0.0.0.0/0.0.0.0:8068]
java.net.BindException: Indirizzo già in uso (Bind failed)
	at java.base/java.net.PlainDatagramSocketImpl.bind0(Native Method)
	at java.base/java.net.AbstractPlainDatagramSocketImpl.bind(AbstractPlainDatagramSocketImpl.java:131)
	at java.base/java.net.DatagramSocket.bind(DatagramSocket.java:394)
	at java.base/java.net.DatagramSocket.<init>(DatagramSocket.java:244)
	at java.base/java.net.DatagramSocket.<init>(DatagramSocket.java:301)
	at org.eclipse.californium.elements.UDPConnector.start(UDPConnector.java:144)
	at org.eclipse.californium.core.network.CoapEndpoint.start(CoapEndpoint.java:480)
	at org.eclipse.californium.core.CoapServer.start(CoapServer.java:222)
	at it.unibo.kactor.QakContext.<init>(QakContext.kt:64)
	at it.unibo.kactor.QakContext.<init>(QakContext.kt:12)
	at it.unibo.kactor.sysUtil.createTheContext(sysUtil.kt:141)
	at it.unibo.kactor.sysUtil.createContexts(sysUtil.kt:104)
	at it.unibo.kactor.QakContext$Companion.createContexts(QakContext.kt:32)
	at it.unibo.ctxsonaronrasp.MainCtxsonaronraspKt$main$1.invokeSuspend(MainCtxsonaronrasp.kt:8)
	at kotlin.coroutines.jvm.internal.BaseContinuationImpl.resumeWith(ContinuationImpl.kt:33)
	at kotlinx.coroutines.DispatchedTask.run(Dispatched.kt:233)
	at kotlinx.coroutines.EventLoopImplBase.processNextEvent(EventLoop.kt:116)
	at kotlinx.coroutines.BlockingCoroutine.joinBlocking(Builders.kt:76)
	at kotlinx.coroutines.BuildersKt__BuildersKt.runBlocking(Builders.kt:53)
	at kotlinx.coroutines.BuildersKt.runBlocking(Unknown Source)
	at kotlinx.coroutines.BuildersKt__BuildersKt.runBlocking$default(Builders.kt:35)
	at kotlinx.coroutines.BuildersKt.runBlocking$default(Unknown Source)
	at it.unibo.ctxsonaronrasp.MainCtxsonaronraspKt.main(MainCtxsonaronrasp.kt:7)
	at it.unibo.ctxsonaronrasp.MainCtxsonaronraspKt.main(MainCtxsonaronrasp.kt)
2021-11-23 20:30:05 INFO  NetworkConfig:372 - loading properties from file /home/pi/Desktop/it.unibo.sonarRaspberry-1.0/it.unibo.sonarRaspberry-1.0/bin/Californium.properties
2021-11-23 20:30:05 INFO  RandomTokenGenerator:55 - using tokens of 8 bytes in length
2021-11-23 20:30:05 INFO  CoapEndpoint:423 - CoapEndpoint uses udp plain
2021-11-23 20:30:06 INFO  BlockwiseLayer:207 - BlockwiseLayer uses MAX_MESSAGE_SIZE=1024, PREFERRED_BLOCK_SIZE=512, BLOCKWISE_STATUS_LIFETIME=300000 and MAX_RESOURCE_BODY_SIZE=8192
2021-11-23 20:30:06 INFO  ReliabilityLayer:83 - ReliabilityLayer uses ACK_TIMEOUT=2000, ACK_RANDOM_FACTOR=1.5, and ACK_TIMEOUT_SCALE=2.0
2021-11-23 20:30:06 INFO  CoapServer:207 - Starting server
2021-11-23 20:30:06 INFO  UDPConnector:161 - UDPConnector starts up 1 sender threads and 1 receiver threads
2021-11-23 20:30:06 INFO  UDPConnector:187 - UDPConnector listening on 0.0.0.0/0.0.0.0:8068, recv buf = 81920, send buf = 81920, recv packet size = 2048
2021-11-23 20:30:06 INFO  CoapEndpoint:485 - Started endpoint at coap://0.0.0.0:8068
2021-11-23 20:30:44 INFO  NetworkConfig:372 - loading properties from file /home/pi/Desktop/it.unibo.sonarRaspberry-1.0/it.unibo.sonarRaspberry-1.0/bin/Californium.properties
2021-11-23 20:30:44 INFO  RandomTokenGenerator:55 - using tokens of 8 bytes in length
2021-11-23 20:30:44 INFO  CoapEndpoint:423 - CoapEndpoint uses udp plain
2021-11-23 20:30:44 INFO  BlockwiseLayer:207 - BlockwiseLayer uses MAX_MESSAGE_SIZE=1024, PREFERRED_BLOCK_SIZE=512, BLOCKWISE_STATUS_LIFETIME=300000 and MAX_RESOURCE_BODY_SIZE=8192
2021-11-23 20:30:44 INFO  ReliabilityLayer:83 - ReliabilityLayer uses ACK_TIMEOUT=2000, ACK_RANDOM_FACTOR=1.5, and ACK_TIMEOUT_SCALE=2.0
2021-11-23 20:30:44 INFO  CoapServer:207 - Starting server
2021-11-23 20:30:44 INFO  CoapEndpoint:515 - Stopping endpoint at coap://0.0.0.0:8068
2021-11-23 20:30:44 ERROR CoapServer:226 - cannot start server endpoint [0.0.0.0/0.0.0.0:8068]
java.net.BindException: Indirizzo già in uso (Bind failed)
	at java.base/java.net.PlainDatagramSocketImpl.bind0(Native Method)
	at java.base/java.net.AbstractPlainDatagramSocketImpl.bind(AbstractPlainDatagramSocketImpl.java:131)
	at java.base/java.net.DatagramSocket.bind(DatagramSocket.java:394)
	at java.base/java.net.DatagramSocket.<init>(DatagramSocket.java:244)
	at java.base/java.net.DatagramSocket.<init>(DatagramSocket.java:301)
	at org.eclipse.californium.elements.UDPConnector.start(UDPConnector.java:144)
	at org.eclipse.californium.core.network.CoapEndpoint.start(CoapEndpoint.java:480)
	at org.eclipse.californium.core.CoapServer.start(CoapServer.java:222)
	at it.unibo.kactor.QakContext.<init>(QakContext.kt:64)
	at it.unibo.kactor.QakContext.<init>(QakContext.kt:12)
	at it.unibo.kactor.sysUtil.createTheContext(sysUtil.kt:141)
	at it.unibo.kactor.sysUtil.createContexts(sysUtil.kt:104)
	at it.unibo.kactor.QakContext$Companion.createContexts(QakContext.kt:32)
	at it.unibo.ctxsonaronrasp.MainCtxsonaronraspKt$main$1.invokeSuspend(MainCtxsonaronrasp.kt:8)
	at kotlin.coroutines.jvm.internal.BaseContinuationImpl.resumeWith(ContinuationImpl.kt:33)
	at kotlinx.coroutines.DispatchedTask.run(Dispatched.kt:233)
	at kotlinx.coroutines.EventLoopImplBase.processNextEvent(EventLoop.kt:116)
	at kotlinx.coroutines.BlockingCoroutine.joinBlocking(Builders.kt:76)
	at kotlinx.coroutines.BuildersKt__BuildersKt.runBlocking(Builders.kt:53)
	at kotlinx.coroutines.BuildersKt.runBlocking(Unknown Source)
	at kotlinx.coroutines.BuildersKt__BuildersKt.runBlocking$default(Builders.kt:35)
	at kotlinx.coroutines.BuildersKt.runBlocking$default(Unknown Source)
	at it.unibo.ctxsonaronrasp.MainCtxsonaronraspKt.main(MainCtxsonaronrasp.kt:7)
	at it.unibo.ctxsonaronrasp.MainCtxsonaronraspKt.main(MainCtxsonaronrasp.kt)
2021-11-23 20:37:08 INFO  NetworkConfig:372 - loading properties from file /home/pi/Desktop/it.unibo.sonarRaspberry-1.0/it.unibo.sonarRaspberry-1.0/bin/Californium.properties
2021-11-23 20:37:08 INFO  RandomTokenGenerator:55 - using tokens of 8 bytes in length
2021-11-23 20:37:08 INFO  CoapEndpoint:423 - CoapEndpoint uses udp plain
2021-11-23 20:37:08 INFO  BlockwiseLayer:207 - BlockwiseLayer uses MAX_MESSAGE_SIZE=1024, PREFERRED_BLOCK_SIZE=512, BLOCKWISE_STATUS_LIFETIME=300000 and MAX_RESOURCE_BODY_SIZE=8192
2021-11-23 20:37:08 INFO  ReliabilityLayer:83 - ReliabilityLayer uses ACK_TIMEOUT=2000, ACK_RANDOM_FACTOR=1.5, and ACK_TIMEOUT_SCALE=2.0
2021-11-23 20:37:08 INFO  CoapServer:207 - Starting server
2021-11-23 20:37:08 INFO  CoapEndpoint:515 - Stopping endpoint at coap://0.0.0.0:8068
2021-11-23 20:37:08 ERROR CoapServer:226 - cannot start server endpoint [0.0.0.0/0.0.0.0:8068]
java.net.BindException: Indirizzo già in uso (Bind failed)
	at java.base/java.net.PlainDatagramSocketImpl.bind0(Native Method)
	at java.base/java.net.AbstractPlainDatagramSocketImpl.bind(AbstractPlainDatagramSocketImpl.java:131)
	at java.base/java.net.DatagramSocket.bind(DatagramSocket.java:394)
	at java.base/java.net.DatagramSocket.<init>(DatagramSocket.java:244)
	at java.base/java.net.DatagramSocket.<init>(DatagramSocket.java:301)
	at org.eclipse.californium.elements.UDPConnector.start(UDPConnector.java:144)
	at org.eclipse.californium.core.network.CoapEndpoint.start(CoapEndpoint.java:480)
	at org.eclipse.californium.core.CoapServer.start(CoapServer.java:222)
	at it.unibo.kactor.QakContext.<init>(QakContext.kt:64)
	at it.unibo.kactor.QakContext.<init>(QakContext.kt:12)
	at it.unibo.kactor.sysUtil.createTheContext(sysUtil.kt:141)
	at it.unibo.kactor.sysUtil.createContexts(sysUtil.kt:104)
	at it.unibo.kactor.QakContext$Companion.createContexts(QakContext.kt:32)
	at it.unibo.ctxsonaronrasp.MainCtxsonaronraspKt$main$1.invokeSuspend(MainCtxsonaronrasp.kt:8)
	at kotlin.coroutines.jvm.internal.BaseContinuationImpl.resumeWith(ContinuationImpl.kt:33)
	at kotlinx.coroutines.DispatchedTask.run(Dispatched.kt:233)
	at kotlinx.coroutines.EventLoopImplBase.processNextEvent(EventLoop.kt:116)
	at kotlinx.coroutines.BlockingCoroutine.joinBlocking(Builders.kt:76)
	at kotlinx.coroutines.BuildersKt__BuildersKt.runBlocking(Builders.kt:53)
	at kotlinx.coroutines.BuildersKt.runBlocking(Unknown Source)
	at kotlinx.coroutines.BuildersKt__BuildersKt.runBlocking$default(Builders.kt:35)
	at kotlinx.coroutines.BuildersKt.runBlocking$default(Unknown Source)
	at it.unibo.ctxsonaronrasp.MainCtxsonaronraspKt.main(MainCtxsonaronrasp.kt:7)
	at it.unibo.ctxsonaronrasp.MainCtxsonaronraspKt.main(MainCtxsonaronrasp.kt)
2021-11-29 11:58:16 INFO  NetworkConfig:372 - loading properties from file /home/pi/Desktop/it.unibo.sonarRaspberry-1.0/it.unibo.sonarRaspberry-1.0/bin/Californium.properties
2021-11-29 11:58:16 INFO  RandomTokenGenerator:55 - using tokens of 8 bytes in length
2021-11-29 11:58:16 INFO  CoapEndpoint:423 - CoapEndpoint uses udp plain
2021-11-29 11:58:16 INFO  BlockwiseLayer:207 - BlockwiseLayer uses MAX_MESSAGE_SIZE=1024, PREFERRED_BLOCK_SIZE=512, BLOCKWISE_STATUS_LIFETIME=300000 and MAX_RESOURCE_BODY_SIZE=8192
2021-11-29 11:58:16 INFO  ReliabilityLayer:83 - ReliabilityLayer uses ACK_TIMEOUT=2000, ACK_RANDOM_FACTOR=1.5, and ACK_TIMEOUT_SCALE=2.0
2021-11-29 11:58:16 INFO  CoapServer:207 - Starting server
2021-11-29 11:58:16 INFO  UDPConnector:161 - UDPConnector starts up 1 sender threads and 1 receiver threads
2021-11-29 11:58:16 INFO  UDPConnector:187 - UDPConnector listening on 0.0.0.0/0.0.0.0:8068, recv buf = 81920, send buf = 81920, recv packet size = 2048
2021-11-29 11:58:16 INFO  CoapEndpoint:485 - Started endpoint at coap://0.0.0.0:8068
2021-11-29 12:36:40 INFO  NetworkConfig:372 - loading properties from file /home/pi/Desktop/it.unibo.sonarRaspberry-1.0/it.unibo.sonarRaspberry-1.0/bin/Californium.properties
2021-11-29 12:36:41 INFO  RandomTokenGenerator:55 - using tokens of 8 bytes in length
2021-11-29 12:36:41 INFO  CoapEndpoint:423 - CoapEndpoint uses udp plain
2021-11-29 12:36:41 INFO  BlockwiseLayer:207 - BlockwiseLayer uses MAX_MESSAGE_SIZE=1024, PREFERRED_BLOCK_SIZE=512, BLOCKWISE_STATUS_LIFETIME=300000 and MAX_RESOURCE_BODY_SIZE=8192
2021-11-29 12:36:41 INFO  ReliabilityLayer:83 - ReliabilityLayer uses ACK_TIMEOUT=2000, ACK_RANDOM_FACTOR=1.5, and ACK_TIMEOUT_SCALE=2.0
2021-11-29 12:36:41 INFO  CoapServer:207 - Starting server
2021-11-29 12:36:41 INFO  CoapEndpoint:515 - Stopping endpoint at coap://0.0.0.0:8068
2021-11-29 12:36:41 ERROR CoapServer:226 - cannot start server endpoint [0.0.0.0/0.0.0.0:8068]
java.net.BindException: Indirizzo già in uso (Bind failed)
	at java.base/java.net.PlainDatagramSocketImpl.bind0(Native Method)
	at java.base/java.net.AbstractPlainDatagramSocketImpl.bind(AbstractPlainDatagramSocketImpl.java:131)
	at java.base/java.net.DatagramSocket.bind(DatagramSocket.java:394)
	at java.base/java.net.DatagramSocket.<init>(DatagramSocket.java:244)
	at java.base/java.net.DatagramSocket.<init>(DatagramSocket.java:301)
	at org.eclipse.californium.elements.UDPConnector.start(UDPConnector.java:144)
	at org.eclipse.californium.core.network.CoapEndpoint.start(CoapEndpoint.java:480)
	at org.eclipse.californium.core.CoapServer.start(CoapServer.java:222)
	at it.unibo.kactor.QakContext.<init>(QakContext.kt:64)
	at it.unibo.kactor.QakContext.<init>(QakContext.kt:12)
	at it.unibo.kactor.sysUtil.createTheContext(sysUtil.kt:141)
	at it.unibo.kactor.sysUtil.createContexts(sysUtil.kt:104)
	at it.unibo.kactor.QakContext$Companion.createContexts(QakContext.kt:32)
	at it.unibo.ctxsonaronrasp.MainCtxsonaronraspKt$main$1.invokeSuspend(MainCtxsonaronrasp.kt:8)
	at kotlin.coroutines.jvm.internal.BaseContinuationImpl.resumeWith(ContinuationImpl.kt:33)
	at kotlinx.coroutines.DispatchedTask.run(Dispatched.kt:233)
	at kotlinx.coroutines.EventLoopImplBase.processNextEvent(EventLoop.kt:116)
	at kotlinx.coroutines.BlockingCoroutine.joinBlocking(Builders.kt:76)
	at kotlinx.coroutines.BuildersKt__BuildersKt.runBlocking(Builders.kt:53)
	at kotlinx.coroutines.BuildersKt.runBlocking(Unknown Source)
	at kotlinx.coroutines.BuildersKt__BuildersKt.runBlocking$default(Builders.kt:35)
	at kotlinx.coroutines.BuildersKt.runBlocking$default(Unknown Source)
	at it.unibo.ctxsonaronrasp.MainCtxsonaronraspKt.main(MainCtxsonaronrasp.kt:7)
	at it.unibo.ctxsonaronrasp.MainCtxsonaronraspKt.main(MainCtxsonaronrasp.kt)
2021-11-29 13:35:26 INFO  NetworkConfig:372 - loading properties from file /home/pi/Desktop/it.unibo.sonarRaspberry-1.0/it.unibo.sonarRaspberry-1.0/bin/Californium.properties
2021-11-29 13:35:26 INFO  RandomTokenGenerator:55 - using tokens of 8 bytes in length
2021-11-29 13:35:26 INFO  CoapEndpoint:423 - CoapEndpoint uses udp plain
2021-11-29 13:35:26 INFO  BlockwiseLayer:207 - BlockwiseLayer uses MAX_MESSAGE_SIZE=1024, PREFERRED_BLOCK_SIZE=512, BLOCKWISE_STATUS_LIFETIME=300000 and MAX_RESOURCE_BODY_SIZE=8192
2021-11-29 13:35:26 INFO  ReliabilityLayer:83 - ReliabilityLayer uses ACK_TIMEOUT=2000, ACK_RANDOM_FACTOR=1.5, and ACK_TIMEOUT_SCALE=2.0
2021-11-29 13:35:26 INFO  CoapServer:207 - Starting server
2021-11-29 13:35:26 INFO  CoapEndpoint:515 - Stopping endpoint at coap://0.0.0.0:8068
2021-11-29 13:35:26 ERROR CoapServer:226 - cannot start server endpoint [0.0.0.0/0.0.0.0:8068]
java.net.BindException: Indirizzo già in uso (Bind failed)
	at java.base/java.net.PlainDatagramSocketImpl.bind0(Native Method)
	at java.base/java.net.AbstractPlainDatagramSocketImpl.bind(AbstractPlainDatagramSocketImpl.java:131)
	at java.base/java.net.DatagramSocket.bind(DatagramSocket.java:394)
	at java.base/java.net.DatagramSocket.<init>(DatagramSocket.java:244)
	at java.base/java.net.DatagramSocket.<init>(DatagramSocket.java:301)
	at org.eclipse.californium.elements.UDPConnector.start(UDPConnector.java:144)
	at org.eclipse.californium.core.network.CoapEndpoint.start(CoapEndpoint.java:480)
	at org.eclipse.californium.core.CoapServer.start(CoapServer.java:222)
	at it.unibo.kactor.QakContext.<init>(QakContext.kt:64)
	at it.unibo.kactor.QakContext.<init>(QakContext.kt:12)
	at it.unibo.kactor.sysUtil.createTheContext(sysUtil.kt:141)
	at it.unibo.kactor.sysUtil.createContexts(sysUtil.kt:104)
	at it.unibo.kactor.QakContext$Companion.createContexts(QakContext.kt:32)
	at it.unibo.ctxsonaronrasp.MainCtxsonaronraspKt$main$1.invokeSuspend(MainCtxsonaronrasp.kt:8)
	at kotlin.coroutines.jvm.internal.BaseContinuationImpl.resumeWith(ContinuationImpl.kt:33)
	at kotlinx.coroutines.DispatchedTask.run(Dispatched.kt:233)
	at kotlinx.coroutines.EventLoopImplBase.processNextEvent(EventLoop.kt:116)
	at kotlinx.coroutines.BlockingCoroutine.joinBlocking(Builders.kt:76)
	at kotlinx.coroutines.BuildersKt__BuildersKt.runBlocking(Builders.kt:53)
	at kotlinx.coroutines.BuildersKt.runBlocking(Unknown Source)
	at kotlinx.coroutines.BuildersKt__BuildersKt.runBlocking$default(Builders.kt:35)
	at kotlinx.coroutines.BuildersKt.runBlocking$default(Unknown Source)
	at it.unibo.ctxsonaronrasp.MainCtxsonaronraspKt.main(MainCtxsonaronrasp.kt:7)
	at it.unibo.ctxsonaronrasp.MainCtxsonaronraspKt.main(MainCtxsonaronrasp.kt)
